2025-07-08 15:08:42,994 - CAL_KG - INFO - 文档分割器初始化完成 (并发数: 4)
2025-07-08 15:08:43,633 - CAL_KG - INFO - 主逻辑图谱生成器初始化完成 (并发数: 4)
2025-07-08 15:08:44,302 - CAL_KG - INFO - 子逻辑图谱生成器初始化完成 (并发数: 4)
2025-07-08 15:08:45,023 - CAL_KG - INFO - 连接分析器初始化完成 (并发数: 4)
2025-07-08 15:08:45,024 - CAL_KG - INFO - 可视化器初始化完成
2025-07-08 15:08:45,024 - CAL_KG - INFO - CAL-KG系统初始化完成 (并发数: 4)
2025-07-08 15:08:45,027 - CAL_KG - ERROR - AI分割失败: '\n  "title"'
2025-07-08 15:08:45,028 - CAL_KG - WARNING - 跳过空章节: 电路基础理论
2025-07-08 15:08:45,028 - CAL_KG - WARNING - 跳过空章节: 基本电路定律
2025-07-08 15:08:45,030 - CAL_KG - WARNING - 跳过空章节: 运算放大器
2025-07-08 15:08:45,030 - CAL_KG - WARNING - 跳过空章节: 基本运放电路
2025-07-08 15:08:45,030 - CAL_KG - WARNING - 跳过空章节: 滤波器设计
2025-07-08 15:08:45,030 - CAL_KG - WARNING - 跳过空章节: 一阶RC滤波器
2025-07-08 15:08:45,030 - CAL_KG - WARNING - 跳过空章节: 反馈控制系统
2025-07-08 15:08:45,031 - CAL_KG - WARNING - 跳过空章节: 稳定性分析
2025-07-08 15:08:45,031 - CAL_KG - WARNING - 跳过空章节: 补偿技术
2025-07-08 15:08:45,031 - CAL_KG - WARNING - 跳过空章节: 功率电子学
2025-07-08 15:08:45,031 - CAL_KG - WARNING - 跳过空章节: 功率器件
2025-07-08 15:08:45,032 - CAL_KG - WARNING - 跳过空章节: 开关电源
2025-07-08 15:08:45,032 - CAL_KG - WARNING - 跳过空章节: 数字信号处理
2025-07-08 15:08:45,032 - CAL_KG - WARNING - 跳过空章节: 数字滤波器
2025-07-08 15:08:45,065 - CAL_KG - INFO - 步骤 document_split 成功完成
2025-07-08 15:08:45,087 - CAL_KG - ERROR - 主逻辑图谱生成失败: '\n  "nodes"'
2025-07-08 15:08:45,094 - CAL_KG - INFO - 步骤 main_logic 成功完成
2025-07-08 15:08:45,100 - CAL_KG - ERROR - AI提取失败: '\n  "section_num"'
2025-07-08 15:08:45,100 - CAL_KG - INFO - 使用规则提取作为降级方案: 1.1
2025-07-08 15:08:45,101 - CAL_KG - ERROR - AI提取失败: '\n  "section_num"'
2025-07-08 15:08:45,102 - CAL_KG - ERROR - AI提取失败: '\n  "section_num"'
2025-07-08 15:08:45,102 - CAL_KG - INFO - 使用规则提取作为降级方案: 1.1.1
2025-07-08 15:08:45,102 - CAL_KG - ERROR - AI提取失败: '\n  "section_num"'
2025-07-08 15:08:45,102 - CAL_KG - INFO - 使用规则提取作为降级方案: 1.1.2
2025-07-08 15:08:45,103 - CAL_KG - ERROR - AI提取失败: '\n  "section_num"'
2025-07-08 15:08:45,104 - CAL_KG - ERROR - AI提取失败: '\n  "section_num"'
2025-07-08 15:08:45,105 - CAL_KG - INFO - 使用规则提取作为降级方案: 1.1.3
2025-07-08 15:08:45,105 - CAL_KG - ERROR - AI提取失败: '\n  "section_num"'
2025-07-08 15:08:45,106 - CAL_KG - INFO - 使用规则提取作为降级方案: 1.2.1
2025-07-08 15:08:45,106 - CAL_KG - INFO - 使用规则提取作为降级方案: 1.2.2
2025-07-08 15:08:45,106 - CAL_KG - ERROR - AI提取失败: '\n  "section_num"'
2025-07-08 15:08:45,107 - CAL_KG - INFO - 使用规则提取作为降级方案: 2.1
2025-07-08 15:08:45,107 - CAL_KG - ERROR - AI提取失败: '\n  "section_num"'
2025-07-08 15:08:45,108 - CAL_KG - ERROR - AI提取失败: '\n  "section_num"'
2025-07-08 15:08:45,108 - CAL_KG - INFO - 使用规则提取作为降级方案: 2.2.1
2025-07-08 15:08:45,110 - CAL_KG - ERROR - AI提取失败: '\n  "section_num"'
2025-07-08 15:08:45,110 - CAL_KG - INFO - 使用规则提取作为降级方案: 2.2.2
2025-07-08 15:08:45,111 - CAL_KG - INFO - 使用规则提取作为降级方案: 2.2.3
2025-07-08 15:08:45,111 - CAL_KG - ERROR - AI提取失败: '\n  "section_num"'
2025-07-08 15:08:45,112 - CAL_KG - INFO - 使用规则提取作为降级方案: 2.3
2025-07-08 15:08:45,113 - CAL_KG - ERROR - AI提取失败: '\n  "section_num"'
2025-07-08 15:08:45,113 - CAL_KG - ERROR - AI提取失败: '\n  "section_num"'
2025-07-08 15:08:45,114 - CAL_KG - INFO - 使用规则提取作为降级方案: 3.1
2025-07-08 15:08:45,114 - CAL_KG - ERROR - AI提取失败: '\n  "section_num"'
2025-07-08 15:08:45,115 - CAL_KG - INFO - 使用规则提取作为降级方案: 3.2.1
2025-07-08 15:08:45,115 - CAL_KG - INFO - 使用规则提取作为降级方案: 3.2.2
2025-07-08 15:08:45,116 - CAL_KG - ERROR - AI提取失败: '\n  "section_num"'
2025-07-08 15:08:45,116 - CAL_KG - INFO - 使用规则提取作为降级方案: 3.3
2025-07-08 15:08:45,117 - CAL_KG - ERROR - AI提取失败: '\n  "section_num"'
2025-07-08 15:08:45,117 - CAL_KG - ERROR - AI提取失败: '\n  "section_num"'
2025-07-08 15:08:45,118 - CAL_KG - INFO - 使用规则提取作为降级方案: 3.3.1
2025-07-08 15:08:45,118 - CAL_KG - ERROR - AI提取失败: '\n  "section_num"'
2025-07-08 15:08:45,118 - CAL_KG - INFO - 使用规则提取作为降级方案: 4.1
2025-07-08 15:08:45,119 - CAL_KG - INFO - 使用规则提取作为降级方案: 4.2.1
2025-07-08 15:08:45,119 - CAL_KG - ERROR - AI提取失败: '\n  "section_num"'
2025-07-08 15:08:45,120 - CAL_KG - INFO - 使用规则提取作为降级方案: 4.2.2
2025-07-08 15:08:45,120 - CAL_KG - ERROR - AI提取失败: '\n  "section_num"'
2025-07-08 15:08:45,121 - CAL_KG - ERROR - AI提取失败: '\n  "section_num"'
2025-07-08 15:08:45,121 - CAL_KG - INFO - 使用规则提取作为降级方案: 4.3.1
2025-07-08 15:08:45,122 - CAL_KG - ERROR - AI提取失败: '\n  "section_num"'
2025-07-08 15:08:45,122 - CAL_KG - INFO - 使用规则提取作为降级方案: 4.3.2
2025-07-08 15:08:45,123 - CAL_KG - INFO - 使用规则提取作为降级方案: 5.1.1
2025-07-08 15:08:45,123 - CAL_KG - ERROR - AI提取失败: '\n  "section_num"'
2025-07-08 15:08:45,124 - CAL_KG - INFO - 使用规则提取作为降级方案: 5.1.2
2025-07-08 15:08:45,124 - CAL_KG - ERROR - AI提取失败: '\n  "section_num"'
2025-07-08 15:08:45,124 - CAL_KG - ERROR - AI提取失败: '\n  "section_num"'
2025-07-08 15:08:45,125 - CAL_KG - INFO - 使用规则提取作为降级方案: 5.2.1
2025-07-08 15:08:45,125 - CAL_KG - ERROR - AI提取失败: '\n  "section_num"'
2025-07-08 15:08:45,126 - CAL_KG - INFO - 使用规则提取作为降级方案: 5.2.2
2025-07-08 15:08:45,126 - CAL_KG - INFO - 使用规则提取作为降级方案: 5.3
2025-07-08 15:08:45,127 - CAL_KG - ERROR - AI提取失败: '\n  "section_num"'
2025-07-08 15:08:45,127 - CAL_KG - INFO - 使用规则提取作为降级方案: 6.1
2025-07-08 15:08:45,128 - CAL_KG - ERROR - AI提取失败: '\n  "section_num"'
2025-07-08 15:08:45,128 - CAL_KG - ERROR - AI提取失败: '\n  "section_num"'
2025-07-08 15:08:45,128 - CAL_KG - INFO - 使用规则提取作为降级方案: 6.2.1
2025-07-08 15:08:45,129 - CAL_KG - INFO - 使用规则提取作为降级方案: 6.2.2
2025-07-08 15:08:45,129 - CAL_KG - INFO - 使用规则提取作为降级方案: 6.3
2025-07-08 15:08:45,137 - CAL_KG - INFO - 步骤 sub_logic 成功完成
2025-07-08 15:08:45,158 - CAL_KG - ERROR - 步骤 connection 执行失败
2025-07-08 15:08:46,233 - CAL_KG - INFO - 步骤 visualization 成功完成
2025-07-08 15:08:47,010 - CAL_KG - INFO - 文档分割器初始化完成 (并发数: 4)
2025-07-08 15:08:47,728 - CAL_KG - INFO - 主逻辑图谱生成器初始化完成 (并发数: 4)
2025-07-08 15:08:48,406 - CAL_KG - INFO - 子逻辑图谱生成器初始化完成 (并发数: 4)
2025-07-08 15:08:49,080 - CAL_KG - INFO - 连接分析器初始化完成 (并发数: 4)
2025-07-08 15:08:49,080 - CAL_KG - INFO - 可视化器初始化完成
2025-07-08 15:08:49,081 - CAL_KG - INFO - CAL-KG系统初始化完成 (并发数: 4)
2025-07-08 15:08:49,084 - CAL_KG - ERROR - AI分割失败: '\n  "title"'
2025-07-08 15:08:49,085 - CAL_KG - WARNING - 跳过空章节: 电路基础理论
2025-07-08 15:08:49,086 - CAL_KG - WARNING - 跳过空章节: 基本电路定律
2025-07-08 15:08:49,086 - CAL_KG - WARNING - 跳过空章节: 运算放大器
2025-07-08 15:08:49,087 - CAL_KG - WARNING - 跳过空章节: 基本运放电路
2025-07-08 15:08:49,087 - CAL_KG - WARNING - 跳过空章节: 滤波器设计
2025-07-08 15:08:49,087 - CAL_KG - WARNING - 跳过空章节: 一阶RC滤波器
2025-07-08 15:08:49,088 - CAL_KG - WARNING - 跳过空章节: 反馈控制系统
2025-07-08 15:08:49,088 - CAL_KG - WARNING - 跳过空章节: 稳定性分析
2025-07-08 15:08:49,089 - CAL_KG - WARNING - 跳过空章节: 补偿技术
2025-07-08 15:08:49,090 - CAL_KG - WARNING - 跳过空章节: 功率电子学
2025-07-08 15:08:49,090 - CAL_KG - WARNING - 跳过空章节: 功率器件
2025-07-08 15:08:49,090 - CAL_KG - WARNING - 跳过空章节: 开关电源
2025-07-08 15:08:49,090 - CAL_KG - WARNING - 跳过空章节: 数字信号处理
2025-07-08 15:08:49,090 - CAL_KG - WARNING - 跳过空章节: 数字滤波器
2025-07-08 15:08:49,111 - CAL_KG - INFO - 步骤 document_split 成功完成
2025-07-08 15:08:49,114 - CAL_KG - ERROR - 主逻辑图谱生成失败: '\n  "nodes"'
2025-07-08 15:08:49,118 - CAL_KG - INFO - 步骤 main_logic 成功完成
2025-07-08 15:08:49,119 - CAL_KG - ERROR - AI提取失败: '\n  "section_num"'
2025-07-08 15:08:49,119 - CAL_KG - INFO - 使用规则提取作为降级方案: 1.1
2025-07-08 15:08:49,119 - CAL_KG - ERROR - AI提取失败: '\n  "section_num"'
2025-07-08 15:08:49,120 - CAL_KG - ERROR - AI提取失败: '\n  "section_num"'
2025-07-08 15:08:49,121 - CAL_KG - INFO - 使用规则提取作为降级方案: 1.1.1
2025-07-08 15:08:49,121 - CAL_KG - ERROR - AI提取失败: '\n  "section_num"'
2025-07-08 15:08:49,121 - CAL_KG - ERROR - AI提取失败: '\n  "section_num"'
2025-07-08 15:08:49,122 - CAL_KG - INFO - 使用规则提取作为降级方案: 1.1.2
2025-07-08 15:08:49,122 - CAL_KG - ERROR - AI提取失败: '\n  "section_num"'
2025-07-08 15:08:49,122 - CAL_KG - INFO - 使用规则提取作为降级方案: 1.1.3
2025-07-08 15:08:49,122 - CAL_KG - INFO - 使用规则提取作为降级方案: 1.2.1
2025-07-08 15:08:49,123 - CAL_KG - ERROR - AI提取失败: '\n  "section_num"'
2025-07-08 15:08:49,123 - CAL_KG - INFO - 使用规则提取作为降级方案: 1.2.2
2025-07-08 15:08:49,123 - CAL_KG - ERROR - AI提取失败: '\n  "section_num"'
2025-07-08 15:08:49,124 - CAL_KG - ERROR - AI提取失败: '\n  "section_num"'
2025-07-08 15:08:49,124 - CAL_KG - INFO - 使用规则提取作为降级方案: 2.2.1
2025-07-08 15:08:49,124 - CAL_KG - ERROR - AI提取失败: '\n  "section_num"'
2025-07-08 15:08:49,124 - CAL_KG - INFO - 使用规则提取作为降级方案: 2.1
2025-07-08 15:08:49,125 - CAL_KG - INFO - 使用规则提取作为降级方案: 2.2.2
2025-07-08 15:08:49,125 - CAL_KG - ERROR - AI提取失败: '\n  "section_num"'
2025-07-08 15:08:49,126 - CAL_KG - INFO - 使用规则提取作为降级方案: 2.2.3
2025-07-08 15:08:49,126 - CAL_KG - ERROR - AI提取失败: '\n  "section_num"'
2025-07-08 15:08:49,126 - CAL_KG - INFO - 使用规则提取作为降级方案: 3.1
2025-07-08 15:08:49,126 - CAL_KG - ERROR - AI提取失败: '\n  "section_num"'
2025-07-08 15:08:49,127 - CAL_KG - ERROR - AI提取失败: '\n  "section_num"'
2025-07-08 15:08:49,127 - CAL_KG - ERROR - AI提取失败: '\n  "section_num"'
2025-07-08 15:08:49,128 - CAL_KG - INFO - 使用规则提取作为降级方案: 3.2.1
2025-07-08 15:08:49,128 - CAL_KG - INFO - 使用规则提取作为降级方案: 2.3
2025-07-08 15:08:49,128 - CAL_KG - INFO - 使用规则提取作为降级方案: 3.2.2
2025-07-08 15:08:49,129 - CAL_KG - INFO - 使用规则提取作为降级方案: 3.3
2025-07-08 15:08:49,129 - CAL_KG - ERROR - AI提取失败: '\n  "section_num"'
2025-07-08 15:08:49,129 - CAL_KG - ERROR - AI提取失败: '\n  "section_num"'
2025-07-08 15:08:49,130 - CAL_KG - ERROR - AI提取失败: '\n  "section_num"'
2025-07-08 15:08:49,130 - CAL_KG - ERROR - AI提取失败: '\n  "section_num"'
2025-07-08 15:08:49,130 - CAL_KG - INFO - 使用规则提取作为降级方案: 3.3.1
2025-07-08 15:08:49,130 - CAL_KG - INFO - 使用规则提取作为降级方案: 4.1
2025-07-08 15:08:49,131 - CAL_KG - INFO - 使用规则提取作为降级方案: 4.2.1
2025-07-08 15:08:49,131 - CAL_KG - INFO - 使用规则提取作为降级方案: 4.2.2
2025-07-08 15:08:49,131 - CAL_KG - ERROR - AI提取失败: '\n  "section_num"'
2025-07-08 15:08:49,132 - CAL_KG - ERROR - AI提取失败: '\n  "section_num"'
2025-07-08 15:08:49,132 - CAL_KG - ERROR - AI提取失败: '\n  "section_num"'
2025-07-08 15:08:49,133 - CAL_KG - ERROR - AI提取失败: '\n  "section_num"'
2025-07-08 15:08:49,133 - CAL_KG - INFO - 使用规则提取作为降级方案: 4.3.1
2025-07-08 15:08:49,133 - CAL_KG - INFO - 使用规则提取作为降级方案: 4.3.2
2025-07-08 15:08:49,134 - CAL_KG - INFO - 使用规则提取作为降级方案: 5.1.1
2025-07-08 15:08:49,134 - CAL_KG - INFO - 使用规则提取作为降级方案: 5.1.2
2025-07-08 15:08:49,134 - CAL_KG - ERROR - AI提取失败: '\n  "section_num"'
2025-07-08 15:08:49,134 - CAL_KG - ERROR - AI提取失败: '\n  "section_num"'
2025-07-08 15:08:49,135 - CAL_KG - ERROR - AI提取失败: '\n  "section_num"'
2025-07-08 15:08:49,135 - CAL_KG - ERROR - AI提取失败: '\n  "section_num"'
2025-07-08 15:08:49,135 - CAL_KG - INFO - 使用规则提取作为降级方案: 5.2.1
2025-07-08 15:08:49,135 - CAL_KG - INFO - 使用规则提取作为降级方案: 5.2.2
2025-07-08 15:08:49,135 - CAL_KG - INFO - 使用规则提取作为降级方案: 5.3
2025-07-08 15:08:49,135 - CAL_KG - INFO - 使用规则提取作为降级方案: 6.1
2025-07-08 15:08:49,136 - CAL_KG - ERROR - AI提取失败: '\n  "section_num"'
2025-07-08 15:08:49,136 - CAL_KG - ERROR - AI提取失败: '\n  "section_num"'
2025-07-08 15:08:49,136 - CAL_KG - ERROR - AI提取失败: '\n  "section_num"'
2025-07-08 15:08:49,136 - CAL_KG - INFO - 使用规则提取作为降级方案: 6.2.1
2025-07-08 15:08:49,137 - CAL_KG - INFO - 使用规则提取作为降级方案: 6.3
2025-07-08 15:08:49,137 - CAL_KG - INFO - 使用规则提取作为降级方案: 6.2.2
2025-07-08 15:08:49,146 - CAL_KG - INFO - 步骤 sub_logic 成功完成
2025-07-08 15:08:49,159 - CAL_KG - ERROR - 步骤 connection 执行失败
