2025-07-08 15:35:36,141 - CAL_KG - INFO - 文档分割器初始化完成 (并发数: 8)
2025-07-08 15:35:36,655 - CAL_KG - INFO - 主逻辑图谱生成器初始化完成 (并发数: 8)
2025-07-08 15:35:37,152 - CAL_KG - INFO - 子逻辑图谱生成器初始化完成 (并发数: 8)
2025-07-08 15:35:37,652 - CAL_KG - INFO - 连接分析器初始化完成 (并发数: 8)
2025-07-08 15:35:37,652 - CAL_KG - INFO - 可视化器初始化完成
2025-07-08 15:35:37,653 - CAL_KG - INFO - CAL-KG系统初始化完成 (并发数: 8)
2025-07-08 15:35:37,656 - CAL_KG - ERROR - AI分割失败: '\n  "title"'
2025-07-08 15:35:37,657 - CAL_KG - WARNING - 跳过空章节: 电路基础理论
2025-07-08 15:35:37,657 - CAL_KG - WARNING - 跳过空章节: 基本电路定律
2025-07-08 15:35:37,659 - CAL_KG - WARNING - 跳过空章节: 运算放大器
2025-07-08 15:35:37,659 - CAL_KG - WARNING - 跳过空章节: 基本运放电路
2025-07-08 15:35:37,659 - CAL_KG - WARNING - 跳过空章节: 滤波器设计
2025-07-08 15:35:37,659 - CAL_KG - WARNING - 跳过空章节: 一阶RC滤波器
2025-07-08 15:35:37,659 - CAL_KG - WARNING - 跳过空章节: 反馈控制系统
2025-07-08 15:35:37,660 - CAL_KG - WARNING - 跳过空章节: 稳定性分析
2025-07-08 15:35:37,660 - CAL_KG - WARNING - 跳过空章节: 补偿技术
2025-07-08 15:35:37,660 - CAL_KG - WARNING - 跳过空章节: 功率电子学
2025-07-08 15:35:37,660 - CAL_KG - WARNING - 跳过空章节: 功率器件
2025-07-08 15:35:37,660 - CAL_KG - WARNING - 跳过空章节: 开关电源
2025-07-08 15:35:37,661 - CAL_KG - WARNING - 跳过空章节: 数字信号处理
2025-07-08 15:35:37,661 - CAL_KG - WARNING - 跳过空章节: 数字滤波器
2025-07-08 15:35:37,680 - CAL_KG - INFO - 步骤 document_split 成功完成
2025-07-08 15:35:37,684 - CAL_KG - ERROR - 主逻辑图谱生成失败: '\n  "nodes"'
2025-07-08 15:35:37,688 - CAL_KG - INFO - 步骤 main_logic 成功完成
2025-07-08 15:36:15,344 - httpx - INFO - HTTP Request: POST https://www.dmxapi.cn/v1/chat/completions "HTTP/1.1 200 OK"
2025-07-08 15:36:21,826 - httpx - INFO - HTTP Request: POST https://www.dmxapi.cn/v1/chat/completions "HTTP/1.1 200 OK"
